[info] %cDownload the React DevTools for a better development experience: https://react.dev/link/react-devtools font-weight:bold
[error] A tree hydrated but some attributes of the server rendered HTML didn't match the client properties. This won't be patched up. This can happen if a SSR-ed Client Component used:

- A server/client branch `if (typeof window !== 'undefined')`.
- Variable input such as `Date.now()` or `Math.random()` which changes each time it's called.
- Date formatting in a user's locale which doesn't match the server.
- External changing data without sending a snapshot of it along with the HTML.
- Invalid HTML tag nesting.

It can also happen if the client has a browser extension installed which messes with the HTML before React loaded.

%s%s https://react.dev/link/hydration-mismatch 

  ...
    <Collapsible open={true} onOpenChange={function bound dispatchSetState}>
      <CollapsibleProvider scope={undefined} disabled={undefined} contentId="radix-_R_e..." open={true} ...>
        <Primitive.div data-state="open" data-disabled={undefined} ref={null}>
          <div data-state="open" data-disabled={undefined} ref={null}>
            <_c className={undefined}>
              <div ref={null} className="rounded-xl...">
                <_c2>
                <CollapsibleContent>
                  <Presence present={true}>
                    <Primitive.div data-state="open" data-disabled={undefined} id="radix-_R_e..." hidden={false} ...>
                      <div data-state="open" data-disabled={undefined} id="radix-_R_e..." hidden={false} style={{...}} ...>
                        <_c8 className="space-y-3">
                          <div ref={null} className="p-5 pt-0 s...">
                            <_c value="" onChange={function onChange} placeholder="Filter by ...">
                              <input
                                ref={null}
                                className="flex h-10 w-full rounded-xl border bg-background px-3 py-2 text-sm outline-..."
                                value=""
                                onChange={function onChange}
                                placeholder="Filter by issue, repo, or summary"
-                               style={{caret-color:"transparent"}}
                              >
                            ...

